08:09:34.344 [BizBook-API] INFO  - Starting B2bDocumentV4Application using Java 17.0.9 with PID 20976 (D:\WORK_SPACE\b2b-document-api\build\classes\java\main started by ksg-usr in D:\WORK_SPACE\b2b-document-api)
08:09:34.348 [BizBook-API] INFO  - No active profile set, falling back to 1 default profile: "default"
08:09:34.403 [BizBook-API] INFO  - Devtools property defaults active! Set 'spring.devtools.add-properties' to 'false' to disable
08:09:34.403 [BizBook-API] INFO  - For additional web related logging consider setting the 'logging.level.web' property to 'DEBUG'
08:09:35.275 [BizBook-API] INFO  - Bootstrapping Spring Data JPA repositories in DEFAULT mode.
08:09:35.473 [BizBook-API] INFO  - Finished Spring Data repository scanning in 189 ms. Found 9 JPA repository interfaces.
08:09:36.204 [BizBook-API] INFO  - Tomcat initialized with port 4545 (http)
08:09:36.213 [BizBook-API] INFO  - Initializing ProtocolHandler ["http-nio-4545"]
08:09:36.215 [BizBook-API] INFO  - Starting service [Tomcat]
08:09:36.215 [BizBook-API] INFO  - Starting Servlet engine: [Apache Tomcat/10.1.19]
08:09:36.265 [BizBook-API] INFO  - Initializing Spring embedded WebApplicationContext
08:09:36.265 [BizBook-API] INFO  - Root WebApplicationContext: initialization completed in 1861 ms
08:09:36.431 [BizBook-API] INFO  - HHH000204: Processing PersistenceUnitInfo [name: default]
08:09:36.524 [BizBook-API] INFO  - HHH000412: Hibernate ORM core version 6.4.4.Final
08:09:36.566 [BizBook-API] INFO  - HHH000026: Second-level cache disabled
08:09:36.837 [BizBook-API] INFO  - No LoadTimeWeaver setup: ignoring JPA class transformer
08:09:36.870 [BizBook-API] INFO  - HikariPool-1 - Starting...
08:09:37.078 [BizBook-API] INFO  - HikariPool-1 - Added connection org.postgresql.jdbc.PgConnection@4ff9bc70
08:09:37.079 [BizBook-API] INFO  - HikariPool-1 - Start completed.
08:09:37.123 [BizBook-API] WARN  - HHH90000025: PostgreSQLDialect does not need to be specified explicitly using 'hibernate.dialect' (remove the property setting and it will be selected by default)
08:09:38.003 [BizBook-API] INFO  - HHH000489: No JTA platform available (set 'hibernate.transaction.jta.platform' to enable JTA platform integration)
08:09:38.005 [BizBook-API] INFO  - Initialized JPA EntityManagerFactory for persistence unit 'default'
08:09:38.388 [BizBook-API] INFO  - Hibernate is in classpath; If applicable, HQL parser will be used.
08:09:39.577 [BizBook-API] WARN  - spring.jpa.open-in-view is enabled by default. Therefore, database queries may be performed during view rendering. Explicitly configure spring.jpa.open-in-view to disable this warning
08:09:39.854 [BizBook-API] INFO  - Will secure any request with [org.springframework.security.web.session.DisableEncodeUrlFilter@40c8b0e2, org.springframework.security.web.context.request.async.WebAsyncManagerIntegrationFilter@71c7d310, org.springframework.security.web.context.SecurityContextHolderFilter@695780ab, org.springframework.security.web.header.HeaderWriterFilter@422180c0, org.springframework.web.filter.CorsFilter@7923d843, org.springframework.security.web.authentication.logout.LogoutFilter@1f006a28, kosign.b2bdocumentv4.jwt.JwtTokenFilter@621aad7e, org.springframework.security.web.savedrequest.RequestCacheAwareFilter@76811c38, org.springframework.security.web.servletapi.SecurityContextHolderAwareRequestFilter@6cc1cc31, org.springframework.security.web.authentication.AnonymousAuthenticationFilter@66959384, org.springframework.security.web.access.ExceptionTranslationFilter@21e685e, org.springframework.security.web.access.intercept.AuthorizationFilter@5258a3b7]
08:09:40.270 [BizBook-API] INFO  - LiveReload server is running on port 35729
08:09:40.291 [BizBook-API] INFO  - Starting ProtocolHandler ["http-nio-4545"]
08:09:40.300 [BizBook-API] INFO  - Tomcat started on port 4545 (http) with context path ''
08:09:40.308 [BizBook-API] INFO  - Started B2bDocumentV4Application in 6.364 seconds (process running for 6.86)
08:09:45.790 [BizBook-API] INFO  - Restarting due to 5 class path changes (0 additions, 0 deletions, 5 modifications)
08:09:45.798 [BizBook-API] INFO  - Stopping ProtocolHandler ["http-nio-4545"]
08:09:45.845 [BizBook-API] INFO  - Closing JPA EntityManagerFactory for persistence unit 'default'
08:09:45.850 [BizBook-API] INFO  - HikariPool-1 - Shutdown initiated...
08:09:45.853 [BizBook-API] INFO  - HikariPool-1 - Shutdown completed.
08:09:45.957 [BizBook-API] INFO  - Starting B2bDocumentV4Application using Java 17.0.9 with PID 20976 (D:\WORK_SPACE\b2b-document-api\build\classes\java\main started by ksg-usr in D:\WORK_SPACE\b2b-document-api)
08:09:45.958 [BizBook-API] INFO  - No active profile set, falling back to 1 default profile: "default"
08:09:46.502 [BizBook-API] INFO  - Bootstrapping Spring Data JPA repositories in DEFAULT mode.
08:09:46.553 [BizBook-API] INFO  - Finished Spring Data repository scanning in 50 ms. Found 9 JPA repository interfaces.
08:09:46.803 [BizBook-API] INFO  - Tomcat initialized with port 4545 (http)
08:09:46.804 [BizBook-API] INFO  - Initializing ProtocolHandler ["http-nio-4545"]
08:09:46.804 [BizBook-API] INFO  - Starting service [Tomcat]
08:09:46.804 [BizBook-API] INFO  - Starting Servlet engine: [Apache Tomcat/10.1.19]
08:09:46.823 [BizBook-API] INFO  - Initializing Spring embedded WebApplicationContext
08:09:46.823 [BizBook-API] INFO  - Root WebApplicationContext: initialization completed in 862 ms
08:09:46.899 [BizBook-API] INFO  - HHH000204: Processing PersistenceUnitInfo [name: default]
08:09:46.902 [BizBook-API] INFO  - HHH000026: Second-level cache disabled
08:09:46.905 [BizBook-API] INFO  - No LoadTimeWeaver setup: ignoring JPA class transformer
08:09:46.906 [BizBook-API] INFO  - HikariPool-2 - Starting...
08:09:46.973 [BizBook-API] INFO  - HikariPool-2 - Added connection org.postgresql.jdbc.PgConnection@4f117e06
08:09:46.973 [BizBook-API] INFO  - HikariPool-2 - Start completed.
08:09:46.986 [BizBook-API] WARN  - HHH90000025: PostgreSQLDialect does not need to be specified explicitly using 'hibernate.dialect' (remove the property setting and it will be selected by default)
08:09:47.171 [BizBook-API] INFO  - HHH000489: No JTA platform available (set 'hibernate.transaction.jta.platform' to enable JTA platform integration)
08:09:47.172 [BizBook-API] INFO  - Initialized JPA EntityManagerFactory for persistence unit 'default'
08:09:48.146 [BizBook-API] WARN  - spring.jpa.open-in-view is enabled by default. Therefore, database queries may be performed during view rendering. Explicitly configure spring.jpa.open-in-view to disable this warning
08:09:48.336 [BizBook-API] INFO  - Will secure any request with [org.springframework.security.web.session.DisableEncodeUrlFilter@15b49129, org.springframework.security.web.context.request.async.WebAsyncManagerIntegrationFilter@27acf7a, org.springframework.security.web.context.SecurityContextHolderFilter@33f6e4f3, org.springframework.security.web.header.HeaderWriterFilter@f17be9f, org.springframework.web.filter.CorsFilter@6894a7f9, org.springframework.security.web.authentication.logout.LogoutFilter@23f695f0, kosign.b2bdocumentv4.jwt.JwtTokenFilter@4ec9aba1, org.springframework.security.web.savedrequest.RequestCacheAwareFilter@3a067311, org.springframework.security.web.servletapi.SecurityContextHolderAwareRequestFilter@15729bfc, org.springframework.security.web.authentication.AnonymousAuthenticationFilter@279dd985, org.springframework.security.web.access.ExceptionTranslationFilter@503ffc99, org.springframework.security.web.access.intercept.AuthorizationFilter@2bcd27af]
08:09:48.693 [BizBook-API] INFO  - LiveReload server is running on port 35729
08:09:48.706 [BizBook-API] INFO  - Starting ProtocolHandler ["http-nio-4545"]
08:09:48.709 [BizBook-API] INFO  - Tomcat started on port 4545 (http) with context path ''
08:09:48.717 [BizBook-API] INFO  - Started B2bDocumentV4Application in 2.8 seconds (process running for 15.268)
08:09:48.720 [BizBook-API] INFO  - Condition evaluation unchanged
08:09:55.445 [BizBook-API] INFO  - Initializing Spring DispatcherServlet 'dispatcherServlet'
08:09:55.445 [BizBook-API] INFO  - Initializing Servlet 'dispatcherServlet'
08:09:55.446 [BizBook-API] INFO  - Completed initialization in 1 ms
08:09:55.461 [BizBook-API] WARN  - JWT Token does not begin with Bearer String
08:09:55.516 [BizBook-API] WARN  - JWT Token does not begin with Bearer String
08:09:55.517 [BizBook-API] WARN  - JWT Token does not begin with Bearer String
08:09:55.517 [BizBook-API] WARN  - JWT Token does not begin with Bearer String
08:09:55.519 [BizBook-API] WARN  - JWT Token does not begin with Bearer String
08:09:55.519 [BizBook-API] WARN  - JWT Token does not begin with Bearer String
08:09:55.743 [BizBook-API] WARN  - JWT Token does not begin with Bearer String
08:09:55.759 [BizBook-API] WARN  - JWT Token does not begin with Bearer String
08:09:55.780 [BizBook-API] WARN  - JWT Token does not begin with Bearer String
08:09:56.216 [BizBook-API] INFO  - Init duration for springdoc-openapi is: 422 ms
08:10:48.466 [BizBook-API] INFO  - Restarting due to 5 class path changes (0 additions, 0 deletions, 5 modifications)
08:10:48.468 [BizBook-API] INFO  - Stopping ProtocolHandler ["http-nio-4545"]
08:10:48.483 [BizBook-API] INFO  - Closing JPA EntityManagerFactory for persistence unit 'default'
08:10:48.484 [BizBook-API] INFO  - HikariPool-2 - Shutdown initiated...
08:10:48.485 [BizBook-API] INFO  - HikariPool-2 - Shutdown completed.
08:10:48.560 [BizBook-API] INFO  - Starting B2bDocumentV4Application using Java 17.0.9 with PID 20976 (D:\WORK_SPACE\b2b-document-api\build\classes\java\main started by ksg-usr in D:\WORK_SPACE\b2b-document-api)
08:10:48.560 [BizBook-API] INFO  - No active profile set, falling back to 1 default profile: "default"
08:10:48.774 [BizBook-API] INFO  - Bootstrapping Spring Data JPA repositories in DEFAULT mode.
08:10:48.820 [BizBook-API] INFO  - Finished Spring Data repository scanning in 46 ms. Found 9 JPA repository interfaces.
08:10:48.936 [BizBook-API] INFO  - Tomcat initialized with port 4545 (http)
08:10:48.936 [BizBook-API] INFO  - Initializing ProtocolHandler ["http-nio-4545"]
08:10:48.936 [BizBook-API] INFO  - Starting service [Tomcat]
08:10:48.936 [BizBook-API] INFO  - Starting Servlet engine: [Apache Tomcat/10.1.19]
08:10:48.950 [BizBook-API] INFO  - Initializing Spring embedded WebApplicationContext
08:10:48.950 [BizBook-API] INFO  - Root WebApplicationContext: initialization completed in 388 ms
08:10:49.003 [BizBook-API] INFO  - HHH000204: Processing PersistenceUnitInfo [name: default]
08:10:49.006 [BizBook-API] INFO  - HHH000026: Second-level cache disabled
08:10:49.011 [BizBook-API] INFO  - No LoadTimeWeaver setup: ignoring JPA class transformer
08:10:49.012 [BizBook-API] INFO  - HikariPool-3 - Starting...
08:10:49.058 [BizBook-API] INFO  - HikariPool-3 - Added connection org.postgresql.jdbc.PgConnection@3cd570b8
08:10:49.058 [BizBook-API] INFO  - HikariPool-3 - Start completed.
08:10:49.067 [BizBook-API] WARN  - HHH90000025: PostgreSQLDialect does not need to be specified explicitly using 'hibernate.dialect' (remove the property setting and it will be selected by default)
08:10:49.180 [BizBook-API] INFO  - HHH000489: No JTA platform available (set 'hibernate.transaction.jta.platform' to enable JTA platform integration)
08:10:49.180 [BizBook-API] INFO  - Initialized JPA EntityManagerFactory for persistence unit 'default'
08:10:49.779 [BizBook-API] WARN  - spring.jpa.open-in-view is enabled by default. Therefore, database queries may be performed during view rendering. Explicitly configure spring.jpa.open-in-view to disable this warning
08:10:49.884 [BizBook-API] INFO  - Will secure any request with [org.springframework.security.web.session.DisableEncodeUrlFilter@4629ca7e, org.springframework.security.web.context.request.async.WebAsyncManagerIntegrationFilter@5cabfcf6, org.springframework.security.web.context.SecurityContextHolderFilter@1e7ee33a, org.springframework.security.web.header.HeaderWriterFilter@5f0d984, org.springframework.web.filter.CorsFilter@64820ee6, org.springframework.security.web.authentication.logout.LogoutFilter@61ef6efb, kosign.b2bdocumentv4.jwt.JwtTokenFilter@17c10654, org.springframework.security.web.savedrequest.RequestCacheAwareFilter@13293af3, org.springframework.security.web.servletapi.SecurityContextHolderAwareRequestFilter@b5effe8, org.springframework.security.web.authentication.AnonymousAuthenticationFilter@3e76de72, org.springframework.security.web.access.ExceptionTranslationFilter@742d9856, org.springframework.security.web.access.intercept.AuthorizationFilter@479627a9]
08:10:50.092 [BizBook-API] INFO  - LiveReload server is running on port 35729
08:10:50.100 [BizBook-API] INFO  - Starting ProtocolHandler ["http-nio-4545"]
08:10:50.103 [BizBook-API] INFO  - Tomcat started on port 4545 (http) with context path ''
08:10:50.107 [BizBook-API] INFO  - Started B2bDocumentV4Application in 1.573 seconds (process running for 76.659)
08:10:50.108 [BizBook-API] INFO  - Condition evaluation unchanged
08:13:19.225 [BizBook-API] INFO  - Closing JPA EntityManagerFactory for persistence unit 'default'
08:13:19.226 [BizBook-API] INFO  - HikariPool-3 - Shutdown initiated...
08:13:19.227 [BizBook-API] INFO  - HikariPool-3 - Shutdown completed.
