08:32:05.532 [BizBook-API] INFO  - Starting B2bDocumentV4Application using Java 17.0.9 with PID 330600 (D:\WORK_SPACE\b2b-document-api\build\classes\java\main started by ksg-usr in D:\WORK_SPACE\b2b-document-api)
08:32:05.538 [BizBook-API] INFO  - No active profile set, falling back to 1 default profile: "default"
08:32:05.591 [BizBook-API] INFO  - Devtools property defaults active! Set 'spring.devtools.add-properties' to 'false' to disable
08:32:05.591 [BizBook-API] INFO  - For additional web related logging consider setting the 'logging.level.web' property to 'DEBUG'
08:32:06.360 [BizBook-API] INFO  - Bootstrapping Spring Data JPA repositories in DEFAULT mode.
08:32:06.529 [BizBook-API] INFO  - Finished Spring Data repository scanning in 162 ms. Found 12 JPA repository interfaces.
08:32:07.162 [BizBook-API] INFO  - Tomcat initialized with port 4545 (http)
08:32:07.169 [BizBook-API] INFO  - Initializing ProtocolHandler ["http-nio-4545"]
08:32:07.170 [BizBook-API] INFO  - Starting service [Tomcat]
08:32:07.171 [BizBook-API] INFO  - Starting Servlet engine: [Apache Tomcat/10.1.19]
08:32:07.219 [BizBook-API] INFO  - Initializing Spring embedded WebApplicationContext
08:32:07.219 [BizBook-API] INFO  - Root WebApplicationContext: initialization completed in 1628 ms
08:32:07.349 [BizBook-API] INFO  - HHH000204: Processing PersistenceUnitInfo [name: default]
08:32:07.420 [BizBook-API] INFO  - HHH000412: Hibernate ORM core version 6.4.4.Final
08:32:07.454 [BizBook-API] INFO  - HHH000026: Second-level cache disabled
08:32:07.675 [BizBook-API] INFO  - No LoadTimeWeaver setup: ignoring JPA class transformer
08:32:07.698 [BizBook-API] INFO  - HikariPool-1 - Starting...
08:32:07.890 [BizBook-API] INFO  - HikariPool-1 - Added connection org.postgresql.jdbc.PgConnection@6a8f34d7
08:32:07.891 [BizBook-API] INFO  - HikariPool-1 - Start completed.
08:32:07.946 [BizBook-API] WARN  - HHH90000025: PostgreSQLDialect does not need to be specified explicitly using 'hibernate.dialect' (remove the property setting and it will be selected by default)
08:32:08.891 [BizBook-API] INFO  - HHH000489: No JTA platform available (set 'hibernate.transaction.jta.platform' to enable JTA platform integration)
08:32:08.893 [BizBook-API] INFO  - Initialized JPA EntityManagerFactory for persistence unit 'default'
08:32:09.285 [BizBook-API] INFO  - Hibernate is in classpath; If applicable, HQL parser will be used.
08:32:10.404 [BizBook-API] WARN  - spring.jpa.open-in-view is enabled by default. Therefore, database queries may be performed during view rendering. Explicitly configure spring.jpa.open-in-view to disable this warning
08:32:10.647 [BizBook-API] INFO  - Will secure any request with [org.springframework.security.web.session.DisableEncodeUrlFilter@e44959f, org.springframework.security.web.context.request.async.WebAsyncManagerIntegrationFilter@408d9931, org.springframework.security.web.context.SecurityContextHolderFilter@49983bfe, org.springframework.security.web.header.HeaderWriterFilter@23cd246a, org.springframework.web.filter.CorsFilter@d126434, org.springframework.security.web.authentication.logout.LogoutFilter@560b3522, kosign.b2bdocumentv4.jwt.JwtTokenFilter@127582c7, org.springframework.security.web.savedrequest.RequestCacheAwareFilter@19e8657c, org.springframework.security.web.servletapi.SecurityContextHolderAwareRequestFilter@54d0865f, org.springframework.security.web.authentication.AnonymousAuthenticationFilter@60c9125e, org.springframework.security.web.access.ExceptionTranslationFilter@776d1565, org.springframework.security.web.access.intercept.AuthorizationFilter@459caf19]
08:32:11.054 [BizBook-API] INFO  - LiveReload server is running on port 35729
08:32:11.071 [BizBook-API] INFO  - Starting ProtocolHandler ["http-nio-4545"]
08:32:11.079 [BizBook-API] INFO  - Tomcat started on port 4545 (http) with context path ''
08:32:11.086 [BizBook-API] INFO  - Started B2bDocumentV4Application in 6.007 seconds (process running for 6.638)
08:32:53.884 [BizBook-API] INFO  - Initializing Spring DispatcherServlet 'dispatcherServlet'
08:32:53.885 [BizBook-API] INFO  - Initializing Servlet 'dispatcherServlet'
08:32:53.887 [BizBook-API] INFO  - Completed initialization in 2 ms
08:32:53.916 [BizBook-API] WARN  - JWT Token does not begin with Bearer String
08:32:53.995 [BizBook-API] WARN  - JWT Token does not begin with Bearer String
08:32:53.996 [BizBook-API] WARN  - JWT Token does not begin with Bearer String
08:32:53.998 [BizBook-API] WARN  - JWT Token does not begin with Bearer String
08:32:54.006 [BizBook-API] WARN  - JWT Token does not begin with Bearer String
08:32:54.007 [BizBook-API] WARN  - JWT Token does not begin with Bearer String
08:32:54.381 [BizBook-API] WARN  - JWT Token does not begin with Bearer String
08:32:54.401 [BizBook-API] WARN  - JWT Token does not begin with Bearer String
08:32:54.438 [BizBook-API] WARN  - JWT Token does not begin with Bearer String
08:32:55.034 [BizBook-API] INFO  - Init duration for springdoc-openapi is: 572 ms
08:32:56.553 [BizBook-API] INFO  - Restarting due to 3 class path changes (0 additions, 0 deletions, 3 modifications)
08:32:56.558 [BizBook-API] INFO  - Stopping ProtocolHandler ["http-nio-4545"]
08:32:56.639 [BizBook-API] INFO  - Closing JPA EntityManagerFactory for persistence unit 'default'
08:32:56.643 [BizBook-API] INFO  - HikariPool-1 - Shutdown initiated...
08:32:56.646 [BizBook-API] INFO  - HikariPool-1 - Shutdown completed.
08:32:56.833 [BizBook-API] INFO  - Starting B2bDocumentV4Application using Java 17.0.9 with PID 330600 (D:\WORK_SPACE\b2b-document-api\build\classes\java\main started by ksg-usr in D:\WORK_SPACE\b2b-document-api)
08:32:56.834 [BizBook-API] INFO  - No active profile set, falling back to 1 default profile: "default"
08:32:57.372 [BizBook-API] INFO  - Bootstrapping Spring Data JPA repositories in DEFAULT mode.
08:32:57.413 [BizBook-API] INFO  - Finished Spring Data repository scanning in 41 ms. Found 12 JPA repository interfaces.
08:32:57.557 [BizBook-API] INFO  - Tomcat initialized with port 4545 (http)
08:32:57.558 [BizBook-API] INFO  - Initializing ProtocolHandler ["http-nio-4545"]
08:32:57.558 [BizBook-API] INFO  - Starting service [Tomcat]
08:32:57.558 [BizBook-API] INFO  - Starting Servlet engine: [Apache Tomcat/10.1.19]
08:32:57.579 [BizBook-API] INFO  - Initializing Spring embedded WebApplicationContext
08:32:57.584 [BizBook-API] INFO  - Root WebApplicationContext: initialization completed in 748 ms
08:32:57.660 [BizBook-API] INFO  - HHH000204: Processing PersistenceUnitInfo [name: default]
08:32:57.662 [BizBook-API] INFO  - HHH000026: Second-level cache disabled
08:32:57.666 [BizBook-API] INFO  - No LoadTimeWeaver setup: ignoring JPA class transformer
08:32:57.667 [BizBook-API] INFO  - HikariPool-2 - Starting...
08:32:57.737 [BizBook-API] INFO  - HikariPool-2 - Added connection org.postgresql.jdbc.PgConnection@32d0d0bd
08:32:57.737 [BizBook-API] INFO  - HikariPool-2 - Start completed.
08:32:57.755 [BizBook-API] WARN  - HHH90000025: PostgreSQLDialect does not need to be specified explicitly using 'hibernate.dialect' (remove the property setting and it will be selected by default)
08:32:57.965 [BizBook-API] INFO  - HHH000489: No JTA platform available (set 'hibernate.transaction.jta.platform' to enable JTA platform integration)
08:32:57.965 [BizBook-API] INFO  - Initialized JPA EntityManagerFactory for persistence unit 'default'
08:32:58.764 [BizBook-API] WARN  - spring.jpa.open-in-view is enabled by default. Therefore, database queries may be performed during view rendering. Explicitly configure spring.jpa.open-in-view to disable this warning
08:32:58.883 [BizBook-API] INFO  - Will secure any request with [org.springframework.security.web.session.DisableEncodeUrlFilter@51caf275, org.springframework.security.web.context.request.async.WebAsyncManagerIntegrationFilter@62ce8724, org.springframework.security.web.context.SecurityContextHolderFilter@24d5a85b, org.springframework.security.web.header.HeaderWriterFilter@1a19a050, org.springframework.web.filter.CorsFilter@3aa7f073, org.springframework.security.web.authentication.logout.LogoutFilter@25f2c8a0, kosign.b2bdocumentv4.jwt.JwtTokenFilter@2ba4fb36, org.springframework.security.web.savedrequest.RequestCacheAwareFilter@182b5177, org.springframework.security.web.servletapi.SecurityContextHolderAwareRequestFilter@7b201e12, org.springframework.security.web.authentication.AnonymousAuthenticationFilter@1112278, org.springframework.security.web.access.ExceptionTranslationFilter@334a0444, org.springframework.security.web.access.intercept.AuthorizationFilter@1cbbd7fe]
08:32:59.126 [BizBook-API] INFO  - LiveReload server is running on port 35729
08:32:59.139 [BizBook-API] INFO  - Starting ProtocolHandler ["http-nio-4545"]
08:32:59.146 [BizBook-API] INFO  - Tomcat started on port 4545 (http) with context path ''
08:32:59.150 [BizBook-API] INFO  - Started B2bDocumentV4Application in 2.373 seconds (process running for 54.702)
08:32:59.151 [BizBook-API] INFO  - Condition evaluation unchanged
08:33:21.901 [BizBook-API] INFO  - Initializing Spring DispatcherServlet 'dispatcherServlet'
08:33:21.901 [BizBook-API] INFO  - Initializing Servlet 'dispatcherServlet'
08:33:21.902 [BizBook-API] INFO  - Completed initialization in 1 ms
08:33:21.903 [BizBook-API] WARN  - JWT Token does not begin with Bearer String
08:33:41.146 [BizBook-API] DEBUG - 
    select
        du1_0.id,
        du1_0.dept_id,
        du1_0.image,
        du1_0.role,
        du1_0.status,
        du1_0.username 
    from
        stdy.doc_users du1_0 
    where
        du1_0.username=?
08:33:43.082 [BizBook-API] INFO  - Request URL: http://localhost:4545/api/v1/articles/addEditor
08:33:43.082 [BizBook-API] INFO  - HTTP Method: POST
08:33:43.082 [BizBook-API] INFO  - Class Method: kosign.b2bdocumentv4.controller.DocumentArticlesController.assignEditorArticle
08:33:43.082 [BizBook-API] INFO  - Request Args: [1013, [ArticleEditorDto(userId=ratha123, company=UTLZ_590)]]
08:33:43.105 [BizBook-API] DEBUG - 
    select
        da1_0.id,
        da1_0.content_body,
        da1_0.create_date,
        da1_0.created_by,
        da1_0.dept_id,
        da1_0.file_article_id,
        da1_0.isfavorite,
        da1_0.modified_by,
        da1_0.modified_date,
        da1_0.status,
        da1_0.tag_id,
        da1_0.title,
        da1_0.user_id 
    from
        stdy.doc_articles da1_0 
    where
        da1_0.id=?
08:33:43.132 [BizBook-API] DEBUG - 
    select
        au1_0.article_id,
        au1_0.id,
        au1_0.article_role,
        au1_0.company,
        au1_0.department,
        au1_0.full_name,
        au1_0.image,
        au1_0.user_id 
    from
        stdy.doc_articles_users au1_0 
    where
        au1_0.article_id=?
08:33:43.235 [BizBook-API] DEBUG - 
    insert 
    into
        stdy.doc_articles_users
        (article_role, company, department, article_id, full_name, image, user_id) 
    values
        (?, ?, ?, ?, ?, ?, ?)
08:33:43.271 [BizBook-API] INFO  - Response: BaseResponse(page=null, pageable=null, rec=[ArticleUsers(id=59, userId=ratha123, company=UTLZ_590, department=50, fullName=ChheangRatha, image=https://platform.bizplay.co.kr/wecloud3/20231103_d2a5dcc8-eab6-4576-aa56-1184875e95fb_thum_500x500.png, articleRole=EDITOR, documentArticles=DocumentArticles{id=1013, title='test article after update', documentFiles=size=0, articleUsers=size=3})], inqCnt=null, inqRec=null, message=Editors Assigned Successfully., code=200, responseMessage=OK, isError=false, rawData=null)
08:35:02.746 [BizBook-API] INFO  - Closing JPA EntityManagerFactory for persistence unit 'default'
08:35:02.746 [BizBook-API] INFO  - HikariPool-2 - Shutdown initiated...
08:35:02.747 [BizBook-API] INFO  - HikariPool-2 - Shutdown completed.
08:35:06.712 [BizBook-API] INFO  - Starting B2bDocumentV4Application using Java 17.0.9 with PID 377576 (D:\WORK_SPACE\b2b-document-api\build\classes\java\main started by ksg-usr in D:\WORK_SPACE\b2b-document-api)
08:35:06.714 [BizBook-API] INFO  - No active profile set, falling back to 1 default profile: "default"
08:35:06.745 [BizBook-API] INFO  - Devtools property defaults active! Set 'spring.devtools.add-properties' to 'false' to disable
08:35:06.745 [BizBook-API] INFO  - For additional web related logging consider setting the 'logging.level.web' property to 'DEBUG'
08:35:07.420 [BizBook-API] INFO  - Bootstrapping Spring Data JPA repositories in DEFAULT mode.
08:35:07.552 [BizBook-API] INFO  - Finished Spring Data repository scanning in 125 ms. Found 12 JPA repository interfaces.
08:35:08.076 [BizBook-API] INFO  - Tomcat initialized with port 4545 (http)
08:35:08.082 [BizBook-API] INFO  - Initializing ProtocolHandler ["http-nio-4545"]
08:35:08.083 [BizBook-API] INFO  - Starting service [Tomcat]
08:35:08.084 [BizBook-API] INFO  - Starting Servlet engine: [Apache Tomcat/10.1.19]
08:35:08.119 [BizBook-API] INFO  - Initializing Spring embedded WebApplicationContext
08:35:08.120 [BizBook-API] INFO  - Root WebApplicationContext: initialization completed in 1374 ms
08:35:08.246 [BizBook-API] INFO  - HHH000204: Processing PersistenceUnitInfo [name: default]
08:35:08.280 [BizBook-API] INFO  - HHH000412: Hibernate ORM core version 6.4.4.Final
08:35:08.308 [BizBook-API] INFO  - HHH000026: Second-level cache disabled
08:35:08.462 [BizBook-API] INFO  - No LoadTimeWeaver setup: ignoring JPA class transformer
08:35:08.479 [BizBook-API] INFO  - HikariPool-1 - Starting...
08:35:08.944 [BizBook-API] INFO  - HikariPool-1 - Added connection org.postgresql.jdbc.PgConnection@1e5cff53
08:35:08.946 [BizBook-API] INFO  - HikariPool-1 - Start completed.
08:35:08.975 [BizBook-API] WARN  - HHH90000025: PostgreSQLDialect does not need to be specified explicitly using 'hibernate.dialect' (remove the property setting and it will be selected by default)
08:35:09.805 [BizBook-API] INFO  - HHH000489: No JTA platform available (set 'hibernate.transaction.jta.platform' to enable JTA platform integration)
08:35:09.807 [BizBook-API] INFO  - Initialized JPA EntityManagerFactory for persistence unit 'default'
08:35:10.145 [BizBook-API] INFO  - Hibernate is in classpath; If applicable, HQL parser will be used.
08:35:11.167 [BizBook-API] WARN  - spring.jpa.open-in-view is enabled by default. Therefore, database queries may be performed during view rendering. Explicitly configure spring.jpa.open-in-view to disable this warning
08:35:11.407 [BizBook-API] INFO  - Will secure any request with [org.springframework.security.web.session.DisableEncodeUrlFilter@15e8dd9f, org.springframework.security.web.context.request.async.WebAsyncManagerIntegrationFilter@1c9ef0de, org.springframework.security.web.context.SecurityContextHolderFilter@7902bed1, org.springframework.security.web.header.HeaderWriterFilter@6fcb7a2d, org.springframework.web.filter.CorsFilter@34d6ff35, org.springframework.security.web.authentication.logout.LogoutFilter@280bdf1d, kosign.b2bdocumentv4.jwt.JwtTokenFilter@248fdbb2, org.springframework.security.web.savedrequest.RequestCacheAwareFilter@4c66758d, org.springframework.security.web.servletapi.SecurityContextHolderAwareRequestFilter@69eae00b, org.springframework.security.web.authentication.AnonymousAuthenticationFilter@2d38a2dd, org.springframework.security.web.access.ExceptionTranslationFilter@60c9125e, org.springframework.security.web.access.intercept.AuthorizationFilter@3a2166c6]
08:35:11.788 [BizBook-API] INFO  - LiveReload server is running on port 35729
08:35:11.808 [BizBook-API] INFO  - Starting ProtocolHandler ["http-nio-4545"]
08:35:11.816 [BizBook-API] INFO  - Tomcat started on port 4545 (http) with context path ''
08:35:11.825 [BizBook-API] INFO  - Started B2bDocumentV4Application in 5.458 seconds (process running for 5.996)
08:36:15.581 [BizBook-API] INFO  - Initializing Spring DispatcherServlet 'dispatcherServlet'
08:36:15.582 [BizBook-API] INFO  - Initializing Servlet 'dispatcherServlet'
08:36:15.584 [BizBook-API] INFO  - Completed initialization in 2 ms
08:36:15.809 [BizBook-API] DEBUG - 
    select
        du1_0.id,
        du1_0.dept_id,
        du1_0.image,
        du1_0.role,
        du1_0.status,
        du1_0.username 
    from
        stdy.doc_users du1_0 
    where
        du1_0.username=?
08:36:17.354 [BizBook-API] INFO  - Request URL: http://localhost:4545/api/v1/articles/addEditor
08:36:17.354 [BizBook-API] INFO  - HTTP Method: POST
08:36:17.355 [BizBook-API] INFO  - Class Method: kosign.b2bdocumentv4.controller.DocumentArticlesController.assignEditorArticle
08:36:17.355 [BizBook-API] INFO  - Request Args: [1013, [ArticleEditorDto(userId=ratha123, company=UTLZ_590)]]
08:36:17.386 [BizBook-API] DEBUG - 
    select
        da1_0.id,
        da1_0.content_body,
        da1_0.create_date,
        da1_0.created_by,
        da1_0.dept_id,
        da1_0.file_article_id,
        da1_0.isfavorite,
        da1_0.modified_by,
        da1_0.modified_date,
        da1_0.status,
        da1_0.tag_id,
        da1_0.title,
        da1_0.user_id 
    from
        stdy.doc_articles da1_0 
    where
        da1_0.id=?
08:36:17.426 [BizBook-API] DEBUG - 
    select
        au1_0.article_id,
        au1_0.id,
        au1_0.article_role,
        au1_0.company,
        au1_0.department,
        au1_0.full_name,
        au1_0.image,
        au1_0.user_id 
    from
        stdy.doc_articles_users au1_0 
    where
        au1_0.article_id=?
08:36:17.557 [BizBook-API] DEBUG - 
    insert 
    into
        stdy.doc_articles_users
        (article_role, company, department, article_id, full_name, image, user_id) 
    values
        (?, ?, ?, ?, ?, ?, ?)
08:36:17.639 [BizBook-API] INFO  - Response: BaseResponse(page=null, pageable=null, rec=[ArticleUsers(id=60, userId=ratha123, company=UTLZ_590, department=50, fullName=ChheangRatha, image=https://platform.bizplay.co.kr/wecloud3/20231103_d2a5dcc8-eab6-4576-aa56-1184875e95fb_thum_500x500.png, articleRole=EDITOR, documentArticles=DocumentArticles{id=1013, title='test article after update', documentFiles=size=0, articleUsers=size=4})], inqCnt=null, inqRec=null, message=Editors Assigned Successfully., code=200, responseMessage=OK, isError=false, rawData=null)
08:38:40.575 [BizBook-API] INFO  - Closing JPA EntityManagerFactory for persistence unit 'default'
08:38:40.578 [BizBook-API] INFO  - HikariPool-1 - Shutdown initiated...
08:38:40.580 [BizBook-API] INFO  - HikariPool-1 - Shutdown completed.
08:38:44.308 [BizBook-API] INFO  - Starting B2bDocumentV4Application using Java 17.0.9 with PID 378076 (D:\WORK_SPACE\b2b-document-api\build\classes\java\main started by ksg-usr in D:\WORK_SPACE\b2b-document-api)
08:38:44.310 [BizBook-API] INFO  - No active profile set, falling back to 1 default profile: "default"
08:38:44.345 [BizBook-API] INFO  - Devtools property defaults active! Set 'spring.devtools.add-properties' to 'false' to disable
08:38:44.346 [BizBook-API] INFO  - For additional web related logging consider setting the 'logging.level.web' property to 'DEBUG'
08:38:45.026 [BizBook-API] INFO  - Bootstrapping Spring Data JPA repositories in DEFAULT mode.
08:38:45.164 [BizBook-API] INFO  - Finished Spring Data repository scanning in 129 ms. Found 12 JPA repository interfaces.
08:38:45.719 [BizBook-API] INFO  - Tomcat initialized with port 4545 (http)
08:38:45.725 [BizBook-API] INFO  - Initializing ProtocolHandler ["http-nio-4545"]
08:38:45.726 [BizBook-API] INFO  - Starting service [Tomcat]
08:38:45.726 [BizBook-API] INFO  - Starting Servlet engine: [Apache Tomcat/10.1.19]
08:38:45.766 [BizBook-API] INFO  - Initializing Spring embedded WebApplicationContext
08:38:45.766 [BizBook-API] INFO  - Root WebApplicationContext: initialization completed in 1420 ms
08:38:45.898 [BizBook-API] INFO  - HHH000204: Processing PersistenceUnitInfo [name: default]
08:38:45.936 [BizBook-API] INFO  - HHH000412: Hibernate ORM core version 6.4.4.Final
08:38:45.962 [BizBook-API] INFO  - HHH000026: Second-level cache disabled
08:38:46.141 [BizBook-API] INFO  - No LoadTimeWeaver setup: ignoring JPA class transformer
08:38:46.162 [BizBook-API] INFO  - HikariPool-1 - Starting...
08:38:46.372 [BizBook-API] INFO  - HikariPool-1 - Added connection org.postgresql.jdbc.PgConnection@3ae73495
08:38:46.374 [BizBook-API] INFO  - HikariPool-1 - Start completed.
08:38:46.407 [BizBook-API] WARN  - HHH90000025: PostgreSQLDialect does not need to be specified explicitly using 'hibernate.dialect' (remove the property setting and it will be selected by default)
08:38:47.254 [BizBook-API] INFO  - HHH000489: No JTA platform available (set 'hibernate.transaction.jta.platform' to enable JTA platform integration)
08:38:47.256 [BizBook-API] INFO  - Initialized JPA EntityManagerFactory for persistence unit 'default'
08:38:47.608 [BizBook-API] INFO  - Hibernate is in classpath; If applicable, HQL parser will be used.
08:38:48.663 [BizBook-API] WARN  - spring.jpa.open-in-view is enabled by default. Therefore, database queries may be performed during view rendering. Explicitly configure spring.jpa.open-in-view to disable this warning
08:38:48.890 [BizBook-API] INFO  - Will secure any request with [org.springframework.security.web.session.DisableEncodeUrlFilter@64125277, org.springframework.security.web.context.request.async.WebAsyncManagerIntegrationFilter@15b6334d, org.springframework.security.web.context.SecurityContextHolderFilter@2b7fcadf, org.springframework.security.web.header.HeaderWriterFilter@24c53c5, org.springframework.web.filter.CorsFilter@1d9b6fe3, org.springframework.security.web.authentication.logout.LogoutFilter@409bf093, kosign.b2bdocumentv4.jwt.JwtTokenFilter@3a9f66a1, org.springframework.security.web.savedrequest.RequestCacheAwareFilter@6d666eae, org.springframework.security.web.servletapi.SecurityContextHolderAwareRequestFilter@734ba410, org.springframework.security.web.authentication.AnonymousAuthenticationFilter@5c4c6c4b, org.springframework.security.web.access.ExceptionTranslationFilter@46d7e930, org.springframework.security.web.access.intercept.AuthorizationFilter@65c59ede]
08:38:49.283 [BizBook-API] INFO  - LiveReload server is running on port 35729
08:38:49.307 [BizBook-API] INFO  - Starting ProtocolHandler ["http-nio-4545"]
08:38:49.315 [BizBook-API] INFO  - Tomcat started on port 4545 (http) with context path ''
08:38:49.323 [BizBook-API] INFO  - Started B2bDocumentV4Application in 5.383 seconds (process running for 5.897)
08:39:06.571 [BizBook-API] INFO  - Initializing Spring DispatcherServlet 'dispatcherServlet'
08:39:06.571 [BizBook-API] INFO  - Initializing Servlet 'dispatcherServlet'
08:39:06.573 [BizBook-API] INFO  - Completed initialization in 2 ms
08:39:06.764 [BizBook-API] DEBUG - 
    select
        du1_0.id,
        du1_0.dept_id,
        du1_0.image,
        du1_0.role,
        du1_0.status,
        du1_0.username 
    from
        stdy.doc_users du1_0 
    where
        du1_0.username=?
08:39:07.791 [BizBook-API] INFO  - Request URL: http://localhost:4545/api/v1/articles/addEditor
08:39:07.791 [BizBook-API] INFO  - HTTP Method: POST
08:39:07.792 [BizBook-API] INFO  - Class Method: kosign.b2bdocumentv4.controller.DocumentArticlesController.assignEditorArticle
08:39:07.792 [BizBook-API] INFO  - Request Args: [1013, [ArticleEditorDto(userId=ratha123, company=UTLZ_590)]]
08:39:07.817 [BizBook-API] DEBUG - 
    select
        da1_0.id,
        da1_0.content_body,
        da1_0.create_date,
        da1_0.created_by,
        da1_0.dept_id,
        da1_0.file_article_id,
        da1_0.isfavorite,
        da1_0.modified_by,
        da1_0.modified_date,
        da1_0.status,
        da1_0.tag_id,
        da1_0.title,
        da1_0.user_id 
    from
        stdy.doc_articles da1_0 
    where
        da1_0.id=?
08:39:07.844 [BizBook-API] DEBUG - 
    select
        au1_0.article_id,
        au1_0.id,
        au1_0.article_role,
        au1_0.company,
        au1_0.department,
        au1_0.full_name,
        au1_0.image,
        au1_0.user_id 
    from
        stdy.doc_articles_users au1_0 
    where
        au1_0.article_id=?
08:39:07.857 [BizBook-API] DEBUG - 
    select
        df1_0.file_article_id,
        df1_0.file_id,
        df1_0.file_idnt_id,
        df1_0.file_nm,
        df1_0.file_size,
        df1_0.img_path,
        df1_0.status,
        df1_0.thum_img_path 
    from
        stdy.doc_file df1_0 
    where
        df1_0.file_article_id=?
08:39:07.991 [BizBook-API] DEBUG - 
    insert 
    into
        stdy.doc_articles_users
        (article_role, company, department, article_id, full_name, image, user_id) 
    values
        (?, ?, ?, ?, ?, ?, ?)
08:39:08.050 [BizBook-API] INFO  - Response: BaseResponse(page=null, pageable=null, rec=[ArticleUsers(id=61, userId=ratha123, company=UTLZ_590, department=50, fullName=ChheangRatha, image=https://platform.bizplay.co.kr/wecloud3/20231103_d2a5dcc8-eab6-4576-aa56-1184875e95fb_thum_500x500.png, articleRole=EDITOR, documentArticles=DocumentArticles{id=1013, title='test article after update', documentFiles=size=0, articleUsers=size=2})], inqCnt=null, inqRec=null, message=Editors Assigned Successfully., code=200, responseMessage=OK, isError=false, rawData=null)
08:41:43.001 [BizBook-API] INFO  - Closing JPA EntityManagerFactory for persistence unit 'default'
08:41:43.003 [BizBook-API] INFO  - HikariPool-1 - Shutdown initiated...
08:41:43.005 [BizBook-API] INFO  - HikariPool-1 - Shutdown completed.
08:41:46.631 [BizBook-API] INFO  - Starting B2bDocumentV4Application using Java 17.0.9 with PID 11812 (D:\WORK_SPACE\b2b-document-api\build\classes\java\main started by ksg-usr in D:\WORK_SPACE\b2b-document-api)
08:41:46.634 [BizBook-API] INFO  - No active profile set, falling back to 1 default profile: "default"
08:41:46.669 [BizBook-API] INFO  - Devtools property defaults active! Set 'spring.devtools.add-properties' to 'false' to disable
08:41:46.670 [BizBook-API] INFO  - For additional web related logging consider setting the 'logging.level.web' property to 'DEBUG'
08:41:47.563 [BizBook-API] INFO  - Bootstrapping Spring Data JPA repositories in DEFAULT mode.
08:41:47.730 [BizBook-API] INFO  - Finished Spring Data repository scanning in 160 ms. Found 12 JPA repository interfaces.
08:41:48.383 [BizBook-API] INFO  - Tomcat initialized with port 4545 (http)
08:41:48.389 [BizBook-API] INFO  - Initializing ProtocolHandler ["http-nio-4545"]
08:41:48.390 [BizBook-API] INFO  - Starting service [Tomcat]
08:41:48.391 [BizBook-API] INFO  - Starting Servlet engine: [Apache Tomcat/10.1.19]
08:41:48.434 [BizBook-API] INFO  - Initializing Spring embedded WebApplicationContext
08:41:48.434 [BizBook-API] INFO  - Root WebApplicationContext: initialization completed in 1764 ms
08:41:48.567 [BizBook-API] INFO  - HHH000204: Processing PersistenceUnitInfo [name: default]
08:41:48.602 [BizBook-API] INFO  - HHH000412: Hibernate ORM core version 6.4.4.Final
08:41:48.631 [BizBook-API] INFO  - HHH000026: Second-level cache disabled
08:41:48.792 [BizBook-API] INFO  - No LoadTimeWeaver setup: ignoring JPA class transformer
08:41:48.813 [BizBook-API] INFO  - HikariPool-1 - Starting...
08:41:49.017 [BizBook-API] INFO  - HikariPool-1 - Added connection org.postgresql.jdbc.PgConnection@6fc20a91
08:41:49.018 [BizBook-API] INFO  - HikariPool-1 - Start completed.
08:41:49.048 [BizBook-API] WARN  - HHH90000025: PostgreSQLDialect does not need to be specified explicitly using 'hibernate.dialect' (remove the property setting and it will be selected by default)
08:41:49.912 [BizBook-API] INFO  - HHH000489: No JTA platform available (set 'hibernate.transaction.jta.platform' to enable JTA platform integration)
08:41:49.916 [BizBook-API] INFO  - Initialized JPA EntityManagerFactory for persistence unit 'default'
08:41:50.249 [BizBook-API] INFO  - Hibernate is in classpath; If applicable, HQL parser will be used.
08:41:51.300 [BizBook-API] WARN  - spring.jpa.open-in-view is enabled by default. Therefore, database queries may be performed during view rendering. Explicitly configure spring.jpa.open-in-view to disable this warning
08:41:51.534 [BizBook-API] INFO  - Will secure any request with [org.springframework.security.web.session.DisableEncodeUrlFilter@5c4c6c4b, org.springframework.security.web.context.request.async.WebAsyncManagerIntegrationFilter@225cf14f, org.springframework.security.web.context.SecurityContextHolderFilter@6d666eae, org.springframework.security.web.header.HeaderWriterFilter@1810d476, org.springframework.web.filter.CorsFilter@408d95b9, org.springframework.security.web.authentication.logout.LogoutFilter@2ef18c58, kosign.b2bdocumentv4.jwt.JwtTokenFilter@190e4bb1, org.springframework.security.web.savedrequest.RequestCacheAwareFilter@26b7b194, org.springframework.security.web.servletapi.SecurityContextHolderAwareRequestFilter@66a4e5a, org.springframework.security.web.authentication.AnonymousAuthenticationFilter@542b8e99, org.springframework.security.web.access.ExceptionTranslationFilter@2bd311ea, org.springframework.security.web.access.intercept.AuthorizationFilter@64125277]
08:41:51.936 [BizBook-API] INFO  - LiveReload server is running on port 35729
08:41:51.963 [BizBook-API] INFO  - Starting ProtocolHandler ["http-nio-4545"]
08:41:51.972 [BizBook-API] INFO  - Tomcat started on port 4545 (http) with context path ''
08:41:51.982 [BizBook-API] INFO  - Started B2bDocumentV4Application in 5.73 seconds (process running for 6.226)
08:42:21.441 [BizBook-API] INFO  - Initializing Spring DispatcherServlet 'dispatcherServlet'
08:42:21.441 [BizBook-API] INFO  - Initializing Servlet 'dispatcherServlet'
08:42:21.443 [BizBook-API] INFO  - Completed initialization in 2 ms
08:42:21.709 [BizBook-API] DEBUG - 
    select
        du1_0.id,
        du1_0.dept_id,
        du1_0.image,
        du1_0.role,
        du1_0.status,
        du1_0.username 
    from
        stdy.doc_users du1_0 
    where
        du1_0.username=?
08:42:22.655 [BizBook-API] INFO  - Request URL: http://localhost:4545/api/v1/articles/addEditor
08:42:22.655 [BizBook-API] INFO  - HTTP Method: POST
08:42:22.655 [BizBook-API] INFO  - Class Method: kosign.b2bdocumentv4.controller.DocumentArticlesController.assignEditorArticle
08:42:22.656 [BizBook-API] INFO  - Request Args: [1013, [ArticleEditorDto(userId=ratha123, company=UTLZ_590)]]
08:42:22.671 [BizBook-API] DEBUG - 
    select
        da1_0.id,
        da1_0.content_body,
        da1_0.create_date,
        da1_0.created_by,
        da1_0.dept_id,
        da1_0.file_article_id,
        da1_0.isfavorite,
        da1_0.modified_by,
        da1_0.modified_date,
        da1_0.status,
        da1_0.tag_id,
        da1_0.title,
        da1_0.user_id 
    from
        stdy.doc_articles da1_0 
    where
        da1_0.id=?
08:42:22.694 [BizBook-API] DEBUG - 
    select
        au1_0.article_id,
        au1_0.id,
        au1_0.article_role,
        au1_0.company,
        au1_0.department,
        au1_0.full_name,
        au1_0.image,
        au1_0.user_id 
    from
        stdy.doc_articles_users au1_0 
    where
        au1_0.article_id=?
08:42:22.707 [BizBook-API] DEBUG - 
    select
        df1_0.file_article_id,
        df1_0.file_id,
        df1_0.file_idnt_id,
        df1_0.file_nm,
        df1_0.file_size,
        df1_0.img_path,
        df1_0.status,
        df1_0.thum_img_path 
    from
        stdy.doc_file df1_0 
    where
        df1_0.file_article_id=?
08:42:22.739 [BizBook-API] WARN  - Resolved [java.lang.IllegalArgumentException: User [ratha123] already Exist.]
08:42:39.321 [BizBook-API] DEBUG - 
    select
        du1_0.id,
        du1_0.dept_id,
        du1_0.image,
        du1_0.role,
        du1_0.status,
        du1_0.username 
    from
        stdy.doc_users du1_0 
    where
        du1_0.username=?
08:42:44.354 [BizBook-API] ERROR - Servlet.service() for servlet [dispatcherServlet] in context with path [] threw exception
java.lang.NullPointerException: Cannot invoke "java.lang.Boolean.booleanValue()" because the return value of "kosign.b2bdocumentv4.jwt.JwtTokenUtils.validateToken(String)" is null
	at kosign.b2bdocumentv4.jwt.JwtTokenFilter.doFilterInternal(JwtTokenFilter.java:50)
	at org.springframework.web.filter.OncePerRequestFilter.doFilter(OncePerRequestFilter.java:116)
	at org.springframework.security.web.FilterChainProxy$VirtualFilterChain.doFilter(FilterChainProxy.java:374)
	at org.springframework.security.web.authentication.logout.LogoutFilter.doFilter(LogoutFilter.java:107)
	at org.springframework.security.web.authentication.logout.LogoutFilter.doFilter(LogoutFilter.java:93)
	at org.springframework.security.web.FilterChainProxy$VirtualFilterChain.doFilter(FilterChainProxy.java:374)
	at org.springframework.web.filter.CorsFilter.doFilterInternal(CorsFilter.java:91)
	at org.springframework.web.filter.OncePerRequestFilter.doFilter(OncePerRequestFilter.java:116)
	at org.springframework.security.web.FilterChainProxy$VirtualFilterChain.doFilter(FilterChainProxy.java:374)
	at org.springframework.security.web.header.HeaderWriterFilter.doHeadersAfter(HeaderWriterFilter.java:90)
	at org.springframework.security.web.header.HeaderWriterFilter.doFilterInternal(HeaderWriterFilter.java:75)
	at org.springframework.web.filter.OncePerRequestFilter.doFilter(OncePerRequestFilter.java:116)
	at org.springframework.security.web.FilterChainProxy$VirtualFilterChain.doFilter(FilterChainProxy.java:374)
	at org.springframework.security.web.context.SecurityContextHolderFilter.doFilter(SecurityContextHolderFilter.java:82)
	at org.springframework.security.web.context.SecurityContextHolderFilter.doFilter(SecurityContextHolderFilter.java:69)
	at org.springframework.security.web.FilterChainProxy$VirtualFilterChain.doFilter(FilterChainProxy.java:374)
	at org.springframework.security.web.context.request.async.WebAsyncManagerIntegrationFilter.doFilterInternal(WebAsyncManagerIntegrationFilter.java:62)
	at org.springframework.web.filter.OncePerRequestFilter.doFilter(OncePerRequestFilter.java:116)
	at org.springframework.security.web.FilterChainProxy$VirtualFilterChain.doFilter(FilterChainProxy.java:374)
	at org.springframework.security.web.session.DisableEncodeUrlFilter.doFilterInternal(DisableEncodeUrlFilter.java:42)
	at org.springframework.web.filter.OncePerRequestFilter.doFilter(OncePerRequestFilter.java:116)
	at org.springframework.security.web.FilterChainProxy$VirtualFilterChain.doFilter(FilterChainProxy.java:374)
	at org.springframework.security.web.FilterChainProxy.doFilterInternal(FilterChainProxy.java:233)
	at org.springframework.security.web.FilterChainProxy.doFilter(FilterChainProxy.java:191)
	at org.springframework.web.filter.CompositeFilter$VirtualFilterChain.doFilter(CompositeFilter.java:113)
	at org.springframework.web.servlet.handler.HandlerMappingIntrospector.lambda$createCacheFilter$3(HandlerMappingIntrospector.java:195)
	at org.springframework.web.filter.CompositeFilter$VirtualFilterChain.doFilter(CompositeFilter.java:113)
	at org.springframework.web.filter.CompositeFilter.doFilter(CompositeFilter.java:74)
	at org.springframework.security.config.annotation.web.configuration.WebMvcSecurityConfiguration$CompositeFilterChainProxy.doFilter(WebMvcSecurityConfiguration.java:230)
	at org.springframework.web.filter.DelegatingFilterProxy.invokeDelegate(DelegatingFilterProxy.java:352)
	at org.springframework.web.filter.DelegatingFilterProxy.doFilter(DelegatingFilterProxy.java:268)
	at org.apache.catalina.core.ApplicationFilterChain.internalDoFilter(ApplicationFilterChain.java:174)
	at org.apache.catalina.core.ApplicationFilterChain.doFilter(ApplicationFilterChain.java:149)
	at org.springframework.web.filter.RequestContextFilter.doFilterInternal(RequestContextFilter.java:100)
	at org.springframework.web.filter.OncePerRequestFilter.doFilter(OncePerRequestFilter.java:116)
	at org.apache.catalina.core.ApplicationFilterChain.internalDoFilter(ApplicationFilterChain.java:174)
	at org.apache.catalina.core.ApplicationFilterChain.doFilter(ApplicationFilterChain.java:149)
	at org.springframework.web.filter.FormContentFilter.doFilterInternal(FormContentFilter.java:93)
	at org.springframework.web.filter.OncePerRequestFilter.doFilter(OncePerRequestFilter.java:116)
	at org.apache.catalina.core.ApplicationFilterChain.internalDoFilter(ApplicationFilterChain.java:174)
	at org.apache.catalina.core.ApplicationFilterChain.doFilter(ApplicationFilterChain.java:149)
	at org.springframework.web.filter.CharacterEncodingFilter.doFilterInternal(CharacterEncodingFilter.java:201)
	at org.springframework.web.filter.OncePerRequestFilter.doFilter(OncePerRequestFilter.java:116)
	at org.apache.catalina.core.ApplicationFilterChain.internalDoFilter(ApplicationFilterChain.java:174)
	at org.apache.catalina.core.ApplicationFilterChain.doFilter(ApplicationFilterChain.java:149)
	at org.apache.catalina.core.StandardWrapperValve.invoke(StandardWrapperValve.java:167)
	at org.apache.catalina.core.StandardContextValve.invoke(StandardContextValve.java:90)
	at org.apache.catalina.authenticator.AuthenticatorBase.invoke(AuthenticatorBase.java:482)
	at org.apache.catalina.core.StandardHostValve.invoke(StandardHostValve.java:115)
	at org.apache.catalina.valves.ErrorReportValve.invoke(ErrorReportValve.java:93)
	at org.apache.catalina.core.StandardEngineValve.invoke(StandardEngineValve.java:74)
	at org.apache.catalina.connector.CoyoteAdapter.service(CoyoteAdapter.java:344)
	at org.apache.coyote.http11.Http11Processor.service(Http11Processor.java:391)
	at org.apache.coyote.AbstractProcessorLight.process(AbstractProcessorLight.java:63)
	at org.apache.coyote.AbstractProtocol$ConnectionHandler.process(AbstractProtocol.java:896)
	at org.apache.tomcat.util.net.NioEndpoint$SocketProcessor.doRun(NioEndpoint.java:1744)
	at org.apache.tomcat.util.net.SocketProcessorBase.run(SocketProcessorBase.java:52)
	at org.apache.tomcat.util.threads.ThreadPoolExecutor.runWorker(ThreadPoolExecutor.java:1191)
	at org.apache.tomcat.util.threads.ThreadPoolExecutor$Worker.run(ThreadPoolExecutor.java:659)
	at org.apache.tomcat.util.threads.TaskThread$WrappingRunnable.run(TaskThread.java:63)
	at java.base/java.lang.Thread.run(Thread.java:842)
08:42:53.959 [BizBook-API] DEBUG - 
    select
        du1_0.id,
        du1_0.dept_id,
        du1_0.image,
        du1_0.role,
        du1_0.status,
        du1_0.username 
    from
        stdy.doc_users du1_0 
    where
        du1_0.username=?
08:42:54.210 [BizBook-API] INFO  - Request URL: http://localhost:4545/api/v1/articles/addEditor
08:42:54.210 [BizBook-API] INFO  - HTTP Method: POST
08:42:54.210 [BizBook-API] INFO  - Class Method: kosign.b2bdocumentv4.controller.DocumentArticlesController.assignEditorArticle
08:42:54.210 [BizBook-API] INFO  - Request Args: [1013, [ArticleEditorDto(userId=ratha123, company=UTLZ_590)]]
08:42:54.211 [BizBook-API] DEBUG - 
    select
        da1_0.id,
        da1_0.content_body,
        da1_0.create_date,
        da1_0.created_by,
        da1_0.dept_id,
        da1_0.file_article_id,
        da1_0.isfavorite,
        da1_0.modified_by,
        da1_0.modified_date,
        da1_0.status,
        da1_0.tag_id,
        da1_0.title,
        da1_0.user_id 
    from
        stdy.doc_articles da1_0 
    where
        da1_0.id=?
08:42:54.223 [BizBook-API] DEBUG - 
    select
        au1_0.article_id,
        au1_0.id,
        au1_0.article_role,
        au1_0.company,
        au1_0.department,
        au1_0.full_name,
        au1_0.image,
        au1_0.user_id 
    from
        stdy.doc_articles_users au1_0 
    where
        au1_0.article_id=?
08:42:54.236 [BizBook-API] DEBUG - 
    select
        df1_0.file_article_id,
        df1_0.file_id,
        df1_0.file_idnt_id,
        df1_0.file_nm,
        df1_0.file_size,
        df1_0.img_path,
        df1_0.status,
        df1_0.thum_img_path 
    from
        stdy.doc_file df1_0 
    where
        df1_0.file_article_id=?
08:42:54.333 [BizBook-API] DEBUG - 
    insert 
    into
        stdy.doc_articles_users
        (article_role, company, department, article_id, full_name, image, user_id) 
    values
        (?, ?, ?, ?, ?, ?, ?)
08:42:54.396 [BizBook-API] INFO  - Response: BaseResponse(page=null, pageable=null, rec=[ArticleUsers(id=62, userId=ratha123, company=UTLZ_590, department=50, fullName=ChheangRatha, image=https://platform.bizplay.co.kr/wecloud3/20231103_d2a5dcc8-eab6-4576-aa56-1184875e95fb_thum_500x500.png, articleRole=EDITOR, documentArticles=DocumentArticles{id=1013, title='test article after update', documentFiles=size=0, articleUsers=size=1})], inqCnt=null, inqRec=null, message=Editors Assigned Successfully., code=200, responseMessage=OK, isError=false, rawData=null)
08:43:04.693 [BizBook-API] DEBUG - 
    select
        du1_0.id,
        du1_0.dept_id,
        du1_0.image,
        du1_0.role,
        du1_0.status,
        du1_0.username 
    from
        stdy.doc_users du1_0 
    where
        du1_0.username=?
08:43:04.907 [BizBook-API] INFO  - Request URL: http://localhost:4545/api/v1/articles/addEditor
08:43:04.908 [BizBook-API] INFO  - HTTP Method: POST
08:43:04.908 [BizBook-API] INFO  - Class Method: kosign.b2bdocumentv4.controller.DocumentArticlesController.assignEditorArticle
08:43:04.908 [BizBook-API] INFO  - Request Args: [1013, [ArticleEditorDto(userId=sovita, company=UTLZ_590)]]
08:43:04.908 [BizBook-API] DEBUG - 
    select
        da1_0.id,
        da1_0.content_body,
        da1_0.create_date,
        da1_0.created_by,
        da1_0.dept_id,
        da1_0.file_article_id,
        da1_0.isfavorite,
        da1_0.modified_by,
        da1_0.modified_date,
        da1_0.status,
        da1_0.tag_id,
        da1_0.title,
        da1_0.user_id 
    from
        stdy.doc_articles da1_0 
    where
        da1_0.id=?
08:43:04.921 [BizBook-API] DEBUG - 
    select
        au1_0.article_id,
        au1_0.id,
        au1_0.article_role,
        au1_0.company,
        au1_0.department,
        au1_0.full_name,
        au1_0.image,
        au1_0.user_id 
    from
        stdy.doc_articles_users au1_0 
    where
        au1_0.article_id=?
08:43:04.927 [BizBook-API] DEBUG - 
    select
        df1_0.file_article_id,
        df1_0.file_id,
        df1_0.file_idnt_id,
        df1_0.file_nm,
        df1_0.file_size,
        df1_0.img_path,
        df1_0.status,
        df1_0.thum_img_path 
    from
        stdy.doc_file df1_0 
    where
        df1_0.file_article_id=?
08:43:04.936 [BizBook-API] WARN  - Resolved [java.lang.IllegalArgumentException: User [sovita] already Exist.]
08:45:43.480 [BizBook-API] INFO  - Closing JPA EntityManagerFactory for persistence unit 'default'
08:45:43.482 [BizBook-API] INFO  - HikariPool-1 - Shutdown initiated...
08:45:43.485 [BizBook-API] INFO  - HikariPool-1 - Shutdown completed.
08:45:47.266 [BizBook-API] INFO  - Starting B2bDocumentV4Application using Java 17.0.9 with PID 379588 (D:\WORK_SPACE\b2b-document-api\build\classes\java\main started by ksg-usr in D:\WORK_SPACE\b2b-document-api)
08:45:47.268 [BizBook-API] INFO  - No active profile set, falling back to 1 default profile: "default"
08:45:47.329 [BizBook-API] INFO  - Devtools property defaults active! Set 'spring.devtools.add-properties' to 'false' to disable
08:45:47.329 [BizBook-API] INFO  - For additional web related logging consider setting the 'logging.level.web' property to 'DEBUG'
08:45:48.349 [BizBook-API] INFO  - Bootstrapping Spring Data JPA repositories in DEFAULT mode.
08:45:48.498 [BizBook-API] INFO  - Finished Spring Data repository scanning in 142 ms. Found 12 JPA repository interfaces.
08:45:49.089 [BizBook-API] INFO  - Tomcat initialized with port 4545 (http)
08:45:49.096 [BizBook-API] INFO  - Initializing ProtocolHandler ["http-nio-4545"]
08:45:49.097 [BizBook-API] INFO  - Starting service [Tomcat]
08:45:49.097 [BizBook-API] INFO  - Starting Servlet engine: [Apache Tomcat/10.1.19]
08:45:49.140 [BizBook-API] INFO  - Initializing Spring embedded WebApplicationContext
08:45:49.140 [BizBook-API] INFO  - Root WebApplicationContext: initialization completed in 1811 ms
08:45:49.275 [BizBook-API] INFO  - HHH000204: Processing PersistenceUnitInfo [name: default]
08:45:49.313 [BizBook-API] INFO  - HHH000412: Hibernate ORM core version 6.4.4.Final
08:45:49.339 [BizBook-API] INFO  - HHH000026: Second-level cache disabled
08:45:49.514 [BizBook-API] INFO  - No LoadTimeWeaver setup: ignoring JPA class transformer
08:45:49.535 [BizBook-API] INFO  - HikariPool-1 - Starting...
08:45:49.711 [BizBook-API] INFO  - HikariPool-1 - Added connection org.postgresql.jdbc.PgConnection@5414d947
08:45:49.712 [BizBook-API] INFO  - HikariPool-1 - Start completed.
08:45:49.743 [BizBook-API] WARN  - HHH90000025: PostgreSQLDialect does not need to be specified explicitly using 'hibernate.dialect' (remove the property setting and it will be selected by default)
08:45:50.577 [BizBook-API] INFO  - HHH000489: No JTA platform available (set 'hibernate.transaction.jta.platform' to enable JTA platform integration)
08:45:50.583 [BizBook-API] INFO  - Initialized JPA EntityManagerFactory for persistence unit 'default'
08:45:50.923 [BizBook-API] INFO  - Hibernate is in classpath; If applicable, HQL parser will be used.
08:45:52.004 [BizBook-API] WARN  - spring.jpa.open-in-view is enabled by default. Therefore, database queries may be performed during view rendering. Explicitly configure spring.jpa.open-in-view to disable this warning
08:45:52.237 [BizBook-API] INFO  - Will secure any request with [org.springframework.security.web.session.DisableEncodeUrlFilter@1531565, org.springframework.security.web.context.request.async.WebAsyncManagerIntegrationFilter@29107e43, org.springframework.security.web.context.SecurityContextHolderFilter@58ebba05, org.springframework.security.web.header.HeaderWriterFilter@5d043fb, org.springframework.web.filter.CorsFilter@5a5d532b, org.springframework.security.web.authentication.logout.LogoutFilter@36530bab, kosign.b2bdocumentv4.jwt.JwtTokenFilter@67c1015e, org.springframework.security.web.savedrequest.RequestCacheAwareFilter@36c3df6a, org.springframework.security.web.servletapi.SecurityContextHolderAwareRequestFilter@70c77055, org.springframework.security.web.authentication.AnonymousAuthenticationFilter@40e38d84, org.springframework.security.web.access.ExceptionTranslationFilter@5d597a1d, org.springframework.security.web.access.intercept.AuthorizationFilter@3c3aa409]
08:45:52.661 [BizBook-API] INFO  - LiveReload server is running on port 35729
08:45:52.687 [BizBook-API] INFO  - Starting ProtocolHandler ["http-nio-4545"]
08:45:52.698 [BizBook-API] INFO  - Tomcat started on port 4545 (http) with context path ''
08:45:52.711 [BizBook-API] INFO  - Started B2bDocumentV4Application in 5.82 seconds (process running for 6.378)
08:46:03.367 [BizBook-API] INFO  - Closing JPA EntityManagerFactory for persistence unit 'default'
08:46:03.372 [BizBook-API] INFO  - HikariPool-1 - Shutdown initiated...
08:46:03.374 [BizBook-API] INFO  - HikariPool-1 - Shutdown completed.
08:46:09.682 [BizBook-API] INFO  - Starting B2bDocumentV4ApplicationTests using Java 17.0.9 with PID 357276 (started by ksg-usr in D:\WORK_SPACE\b2b-document-api)
08:46:09.683 [BizBook-API] INFO  - No active profile set, falling back to 1 default profile: "default"
08:46:10.425 [BizBook-API] INFO  - Bootstrapping Spring Data JPA repositories in DEFAULT mode.
08:46:10.575 [BizBook-API] INFO  - Finished Spring Data repository scanning in 143 ms. Found 12 JPA repository interfaces.
08:46:11.202 [BizBook-API] INFO  - HHH000204: Processing PersistenceUnitInfo [name: default]
08:46:11.248 [BizBook-API] INFO  - HHH000412: Hibernate ORM core version 6.4.4.Final
08:46:11.277 [BizBook-API] INFO  - HHH000026: Second-level cache disabled
08:46:11.500 [BizBook-API] INFO  - No LoadTimeWeaver setup: ignoring JPA class transformer
08:46:11.527 [BizBook-API] INFO  - HikariPool-1 - Starting...
08:46:11.728 [BizBook-API] INFO  - HikariPool-1 - Added connection org.postgresql.jdbc.PgConnection@6104691c
08:46:11.729 [BizBook-API] INFO  - HikariPool-1 - Start completed.
08:46:11.765 [BizBook-API] WARN  - HHH90000025: PostgreSQLDialect does not need to be specified explicitly using 'hibernate.dialect' (remove the property setting and it will be selected by default)
08:46:12.682 [BizBook-API] INFO  - HHH000489: No JTA platform available (set 'hibernate.transaction.jta.platform' to enable JTA platform integration)
08:46:12.684 [BizBook-API] INFO  - Initialized JPA EntityManagerFactory for persistence unit 'default'
08:46:13.206 [BizBook-API] INFO  - Hibernate is in classpath; If applicable, HQL parser will be used.
08:46:14.573 [BizBook-API] WARN  - spring.jpa.open-in-view is enabled by default. Therefore, database queries may be performed during view rendering. Explicitly configure spring.jpa.open-in-view to disable this warning
08:46:14.897 [BizBook-API] INFO  - Will secure any request with [org.springframework.security.web.session.DisableEncodeUrlFilter@1b9b8759, org.springframework.security.web.context.request.async.WebAsyncManagerIntegrationFilter@4a8d8f50, org.springframework.security.web.context.SecurityContextHolderFilter@1d7201cb, org.springframework.security.web.header.HeaderWriterFilter@77ae2d25, org.springframework.web.filter.CorsFilter@3a2e8c6a, org.springframework.security.web.authentication.logout.LogoutFilter@d476a21, kosign.b2bdocumentv4.jwt.JwtTokenFilter@604a9d87, org.springframework.security.web.savedrequest.RequestCacheAwareFilter@39dbea69, org.springframework.security.web.servletapi.SecurityContextHolderAwareRequestFilter@2142754a, org.springframework.security.web.authentication.AnonymousAuthenticationFilter@5a30ab46, org.springframework.security.web.access.ExceptionTranslationFilter@229d5d14, org.springframework.security.web.access.intercept.AuthorizationFilter@69ef3847]
08:46:15.434 [BizBook-API] INFO  - Started B2bDocumentV4ApplicationTests in 6.044 seconds (process running for 7.022)
08:46:17.988 [BizBook-API] INFO  - Closing JPA EntityManagerFactory for persistence unit 'default'
08:46:17.991 [BizBook-API] INFO  - HikariPool-1 - Shutdown initiated...
08:46:17.994 [BizBook-API] INFO  - HikariPool-1 - Shutdown completed.
