13:03:11.074 [BizBook-API] INFO  - Starting B2bDocumentV4Application using Java 17.0.10 with PID 20208 (D:\b2b-document-api\build\classes\java\main started by vimean in D:\b2b-document-api)
13:03:11.086 [BizBook-API] INFO  - No active profile set, falling back to 1 default profile: "default"
13:03:11.246 [BizBook-API] INFO  - Devtools property defaults active! Set 'spring.devtools.add-properties' to 'false' to disable
13:03:11.247 [BizBook-API] INFO  - For additional web related logging consider setting the 'logging.level.web' property to 'DEBUG'
13:03:13.620 [BizBook-API] INFO  - Bootstrapping Spring Data JPA repositories in DEFAULT mode.
13:03:14.219 [BizBook-API] INFO  - Finished Spring Data repository scanning in 577 ms. Found 11 JPA repository interfaces.
13:03:17.136 [BizBook-API] INFO  - Tomcat initialized with port 4545 (http)
13:03:17.198 [BizBook-API] INFO  - Initializing ProtocolHandler ["http-nio-4545"]
13:03:17.207 [BizBook-API] INFO  - Starting service [Tomcat]
13:03:17.209 [BizBook-API] INFO  - Starting Servlet engine: [Apache Tomcat/10.1.19]
13:03:17.362 [BizBook-API] INFO  - Initializing Spring embedded WebApplicationContext
13:03:17.363 [BizBook-API] INFO  - Root WebApplicationContext: initialization completed in 6114 ms
13:03:17.845 [BizBook-API] INFO  - HHH000204: Processing PersistenceUnitInfo [name: default]
13:03:18.061 [BizBook-API] INFO  - HHH000412: Hibernate ORM core version 6.4.4.Final
13:03:18.161 [BizBook-API] INFO  - HHH000026: Second-level cache disabled
13:03:18.725 [BizBook-API] INFO  - No LoadTimeWeaver setup: ignoring JPA class transformer
13:03:18.796 [BizBook-API] INFO  - HikariPool-1 - Starting...
13:03:19.898 [BizBook-API] INFO  - HikariPool-1 - Added connection org.postgresql.jdbc.PgConnection@3f98c703
13:03:19.901 [BizBook-API] INFO  - HikariPool-1 - Start completed.
13:03:19.988 [BizBook-API] WARN  - HHH90000025: PostgreSQLDialect does not need to be specified explicitly using 'hibernate.dialect' (remove the property setting and it will be selected by default)
13:03:22.498 [BizBook-API] INFO  - HHH000489: No JTA platform available (set 'hibernate.transaction.jta.platform' to enable JTA platform integration)
13:03:22.502 [BizBook-API] INFO  - Initialized JPA EntityManagerFactory for persistence unit 'default'
13:03:23.989 [BizBook-API] INFO  - Hibernate is in classpath; If applicable, HQL parser will be used.
13:03:27.609 [BizBook-API] WARN  - spring.jpa.open-in-view is enabled by default. Therefore, database queries may be performed during view rendering. Explicitly configure spring.jpa.open-in-view to disable this warning
13:03:28.432 [BizBook-API] INFO  - Will secure any request with [org.springframework.security.web.session.DisableEncodeUrlFilter@3fc3f519, org.springframework.security.web.context.request.async.WebAsyncManagerIntegrationFilter@6f31005d, org.springframework.security.web.context.SecurityContextHolderFilter@5d38b5ae, org.springframework.security.web.header.HeaderWriterFilter@2dd95138, org.springframework.web.filter.CorsFilter@2a69d089, org.springframework.security.web.authentication.logout.LogoutFilter@21b5ef31, kosign.b2bdocumentv4.jwt.JwtTokenFilter@1f56bc22, org.springframework.security.web.savedrequest.RequestCacheAwareFilter@3ed5e1ae, org.springframework.security.web.servletapi.SecurityContextHolderAwareRequestFilter@4084b251, org.springframework.security.web.authentication.AnonymousAuthenticationFilter@35ee2371, org.springframework.security.web.access.ExceptionTranslationFilter@518915ee, org.springframework.security.web.access.intercept.AuthorizationFilter@b1a23e1]
13:03:29.464 [BizBook-API] INFO  - LiveReload server is running on port 35729
13:03:29.521 [BizBook-API] INFO  - Starting ProtocolHandler ["http-nio-4545"]
13:03:29.552 [BizBook-API] INFO  - Tomcat started on port 4545 (http) with context path ''
13:03:29.570 [BizBook-API] INFO  - Started B2bDocumentV4Application in 19.954 seconds (process running for 21.07)
15:42:10.033 [BizBook-API] INFO  - Starting B2bDocumentV4Application using Java 17.0.10 with PID 7076 (D:\b2b-document-api\build\classes\java\main started by vimean in D:\b2b-document-api)
15:42:10.035 [BizBook-API] INFO  - No active profile set, falling back to 1 default profile: "default"
15:42:10.078 [BizBook-API] INFO  - Devtools property defaults active! Set 'spring.devtools.add-properties' to 'false' to disable
15:42:10.078 [BizBook-API] INFO  - For additional web related logging consider setting the 'logging.level.web' property to 'DEBUG'
15:42:11.039 [BizBook-API] INFO  - Bootstrapping Spring Data JPA repositories in DEFAULT mode.
15:42:11.227 [BizBook-API] INFO  - Finished Spring Data repository scanning in 175 ms. Found 11 JPA repository interfaces.
15:42:12.452 [BizBook-API] INFO  - Tomcat initialized with port 4545 (http)
15:42:12.467 [BizBook-API] INFO  - Initializing ProtocolHandler ["http-nio-4545"]
15:42:12.489 [BizBook-API] INFO  - Starting service [Tomcat]
15:42:12.489 [BizBook-API] INFO  - Starting Servlet engine: [Apache Tomcat/10.1.19]
15:42:12.583 [BizBook-API] INFO  - Initializing Spring embedded WebApplicationContext
15:42:12.583 [BizBook-API] INFO  - Root WebApplicationContext: initialization completed in 2505 ms
15:42:12.865 [BizBook-API] INFO  - HHH000204: Processing PersistenceUnitInfo [name: default]
15:42:12.975 [BizBook-API] INFO  - HHH000412: Hibernate ORM core version 6.4.4.Final
15:42:13.038 [BizBook-API] INFO  - HHH000026: Second-level cache disabled
15:42:13.401 [BizBook-API] INFO  - No LoadTimeWeaver setup: ignoring JPA class transformer
15:42:13.433 [BizBook-API] INFO  - HikariPool-1 - Starting...
15:42:13.621 [BizBook-API] INFO  - HikariPool-1 - Added connection org.postgresql.jdbc.PgConnection@7e0107bd
15:42:13.621 [BizBook-API] INFO  - HikariPool-1 - Start completed.
15:42:13.668 [BizBook-API] WARN  - HHH90000025: PostgreSQLDialect does not need to be specified explicitly using 'hibernate.dialect' (remove the property setting and it will be selected by default)
15:42:14.620 [BizBook-API] INFO  - HHH000489: No JTA platform available (set 'hibernate.transaction.jta.platform' to enable JTA platform integration)
15:42:14.620 [BizBook-API] INFO  - Initialized JPA EntityManagerFactory for persistence unit 'default'
15:42:15.124 [BizBook-API] INFO  - Hibernate is in classpath; If applicable, HQL parser will be used.
15:42:16.487 [BizBook-API] WARN  - spring.jpa.open-in-view is enabled by default. Therefore, database queries may be performed during view rendering. Explicitly configure spring.jpa.open-in-view to disable this warning
15:42:16.819 [BizBook-API] INFO  - Will secure any request with [org.springframework.security.web.session.DisableEncodeUrlFilter@33f17c3f, org.springframework.security.web.context.request.async.WebAsyncManagerIntegrationFilter@5f4bde2c, org.springframework.security.web.context.SecurityContextHolderFilter@6df744d6, org.springframework.security.web.header.HeaderWriterFilter@5c1d9af8, org.springframework.web.filter.CorsFilter@2a241c80, org.springframework.security.web.authentication.logout.LogoutFilter@a739b39, kosign.b2bdocumentv4.jwt.JwtTokenFilter@52285275, org.springframework.security.web.savedrequest.RequestCacheAwareFilter@4d4dacca, org.springframework.security.web.servletapi.SecurityContextHolderAwareRequestFilter@761580c, org.springframework.security.web.authentication.AnonymousAuthenticationFilter@5cdc396a, org.springframework.security.web.access.ExceptionTranslationFilter@5d166034, org.springframework.security.web.access.intercept.AuthorizationFilter@1592c0d7]
15:42:17.266 [BizBook-API] INFO  - LiveReload server is running on port 35729
15:42:17.282 [BizBook-API] INFO  - Starting ProtocolHandler ["http-nio-4545"]
15:42:17.297 [BizBook-API] INFO  - Tomcat started on port 4545 (http) with context path ''
15:42:17.297 [BizBook-API] INFO  - Started B2bDocumentV4Application in 7.67 seconds (process running for 8.076)
15:49:16.713 [BizBook-API] WARN  - HikariPool-1 - Thread starvation or clock leap detected (housekeeper delta=2m32s884ms240µs).
16:10:36.687 [BizBook-API] INFO  - Initializing Spring DispatcherServlet 'dispatcherServlet'
16:10:36.687 [BizBook-API] INFO  - Initializing Servlet 'dispatcherServlet'
16:10:36.694 [BizBook-API] INFO  - Completed initialization in 7 ms
16:10:36.736 [BizBook-API] WARN  - JWT Token does not begin with Bearer String
16:10:36.827 [BizBook-API] WARN  - JWT Token does not begin with Bearer String
16:10:36.834 [BizBook-API] WARN  - JWT Token does not begin with Bearer String
16:10:36.835 [BizBook-API] WARN  - JWT Token does not begin with Bearer String
16:10:36.840 [BizBook-API] WARN  - JWT Token does not begin with Bearer String
16:10:36.860 [BizBook-API] WARN  - JWT Token does not begin with Bearer String
16:10:37.164 [BizBook-API] WARN  - JWT Token does not begin with Bearer String
16:10:37.227 [BizBook-API] WARN  - JWT Token does not begin with Bearer String
16:10:38.385 [BizBook-API] INFO  - Init duration for springdoc-openapi is: 1120 ms
